

*******************************************************************************
Mon Jul 13 10:33:19 2015


FIT:    data read from "Ret_512.dat" u 1:2:5 every 1:1:8::15
        format = x:z:s
        #datapoints = 8
function used for fitting: f(x)
fitted parameters initialized with current variable values



 Iteration 0
 WSSR        : 196.305           delta(WSSR)/WSSR   : 0
 delta(WSSR) : 0                 limit for stopping : 1e-05
 lambda	  : 435.478

initial set of free parameter values

a               = 1.16898
b               = 0.115972
c               = 0.131437

After 4 iterations the fit converged.
final sum of squares of residuals : 194.881
rel. change during last iteration : -4.78937e-09

degrees of freedom    (FIT_NDF)                        : 5
rms of residuals      (FIT_STDFIT) = sqrt(WSSR/ndf)    : 6.24308
variance of residuals (reduced chisquare) = WSSR/ndf   : 38.9761

BREAK:          Singular matrix in Invert_RtR



*******************************************************************************
Mon Jul 13 10:33:20 2015


FIT:    data read from "Ret_512.dat" u 1:2:5 every 1:1:8::15
        format = x:z:s
        #datapoints = 8
function used for fitting: f(x)
fitted parameters initialized with current variable values



 Iteration 0
 WSSR        : 194.881           delta(WSSR)/WSSR   : 0
 delta(WSSR) : 0                 limit for stopping : 1e-05
 lambda	  : 435.646

initial set of free parameter values

a               = 1.15875
b               = 0.112626
c               = 0.131569

After 1 iterations the fit converged.
final sum of squares of residuals : 194.881
rel. change during last iteration : -1.16673e-15

degrees of freedom    (FIT_NDF)                        : 5
rms of residuals      (FIT_STDFIT) = sqrt(WSSR/ndf)    : 6.24308
variance of residuals (reduced chisquare) = WSSR/ndf   : 38.9761

BREAK:          Singular matrix in Invert_RtR



*******************************************************************************
Mon Jul 13 10:33:28 2015


FIT:    data read from "Ret_512.dat" u 1:2:5 every 1:1:8::15
        format = x:z:s
        #datapoints = 8
function used for fitting: f(x)
fitted parameters initialized with current variable values



 Iteration 0
 WSSR        : 194.881           delta(WSSR)/WSSR   : 0
 delta(WSSR) : 0                 limit for stopping : 1e-05
 lambda	  : 435.646

initial set of free parameter values

a               = 1.15875
b               = 0.112626
c               = 0.1317

The maximum lambda = 1.000000e+20 was exceeded. Fit stopped.
final sum of squares of residuals : 194.881
rel. change during last iteration : 0

degrees of freedom    (FIT_NDF)                        : 5
rms of residuals      (FIT_STDFIT) = sqrt(WSSR/ndf)    : 6.24308
variance of residuals (reduced chisquare) = WSSR/ndf   : 38.9761

BREAK:          Singular matrix in Invert_RtR



*******************************************************************************
Mon Jul 13 10:33:55 2015


FIT:    data read from "Ret_512.dat" u 1:2:5 every 1:1:8::15
        format = x:z:s
        #datapoints = 8
function used for fitting: f(x)
fitted parameters initialized with current variable values



 Iteration 0
 WSSR        : 196.305           delta(WSSR)/WSSR   : 0
 delta(WSSR) : 0                 limit for stopping : 1e-05
 lambda	  : 435.478

initial set of free parameter values

a               = 1.16898
b               = 0.115972
c               = 0.131437

After 4 iterations the fit converged.
final sum of squares of residuals : 194.881
rel. change during last iteration : -4.78937e-09

degrees of freedom    (FIT_NDF)                        : 5
rms of residuals      (FIT_STDFIT) = sqrt(WSSR/ndf)    : 6.24308
variance of residuals (reduced chisquare) = WSSR/ndf   : 38.9761

BREAK:          Singular matrix in Invert_RtR



*******************************************************************************
Mon Jul 13 10:34:47 2015


FIT:    data read from "Ret_512.dat" u 1:2:5 every 1:1:8::15
        format = x:z:s
        #datapoints = 8
function used for fitting: f(x)
fitted parameters initialized with current variable values



 Iteration 0
 WSSR        : 12594.5           delta(WSSR)/WSSR   : 0
 delta(WSSR) : 0                 limit for stopping : 1e-05
 lambda	  : 5340.71

initial set of free parameter values

a               = 1
b               = 0.44
c               = 0.11

The maximum lambda = 1.000000e+20 was exceeded. Fit stopped.
final sum of squares of residuals : 4.5949
rel. change during last iteration : 0

degrees of freedom    (FIT_NDF)                        : 5
rms of residuals      (FIT_STDFIT) = sqrt(WSSR/ndf)    : 0.958634
variance of residuals (reduced chisquare) = WSSR/ndf   : 0.918979

Final set of parameters            Asymptotic Standard Error
=======================            ==========================

a               = 1.16224          +/- 0.01025      (0.8817%)
b               = 0.439586         +/- 0.0001031    (0.02344%)
c               = 0.114372         +/- 0.003776     (3.301%)


correlation matrix of the fit parameters:

               a      b      c      
a               1.000 
b              -0.319  1.000 
c               0.991 -0.351  1.000 


*******************************************************************************
Mon Jul 13 10:34:48 2015


FIT:    data read from "Ret_512.dat" u 1:2:5 every 1:1:8::15
        format = x:z:s
        #datapoints = 8
function used for fitting: f(x)
fitted parameters initialized with current variable values



 Iteration 0
 WSSR        : 4.5949            delta(WSSR)/WSSR   : 0
 delta(WSSR) : 0                 limit for stopping : 1e-05
 lambda	  : 2130.83

initial set of free parameter values

a               = 1.16224
b               = 0.439586
c               = 0.114372

The maximum lambda = 1.000000e+20 was exceeded. Fit stopped.
final sum of squares of residuals : 4.5949
rel. change during last iteration : 0

degrees of freedom    (FIT_NDF)                        : 5
rms of residuals      (FIT_STDFIT) = sqrt(WSSR/ndf)    : 0.958634
variance of residuals (reduced chisquare) = WSSR/ndf   : 0.918979

Final set of parameters            Asymptotic Standard Error
=======================            ==========================

a               = 1.16224          +/- 0.01025      (0.8817%)
b               = 0.439586         +/- 0.0001031    (0.02344%)
c               = 0.114372         +/- 0.003776     (3.301%)


correlation matrix of the fit parameters:

               a      b      c      
a               1.000 
b              -0.319  1.000 
c               0.991 -0.351  1.000 
